# JRE version: OpenJDK Runtime Environment (8.0_152-b01) (build 1.8.0_152-release-1343-b01)
# Java VM: OpenJDK 64-Bit Server VM (25.152-b01 mixed mode windows-amd64 compressed oops)
Heap:
 PSYoungGen      total 38400K, used 32170K [0x00000000e0000000, 0x00000000e2a80000, 0x0000000100000000)
  eden space 33280K, 96% used [0x00000000e0000000,0x00000000e1f6aac8,0x00000000e2080000)
  from space 5120K, 0% used [0x00000000e2080000,0x00000000e2080000,0x00000000e2580000)
  to   space 5120K, 0% used [0x00000000e2580000,0x00000000e2580000,0x00000000e2a80000)
 ParOldGen       total 59392K, used 9603K [0x00000000a0000000, 0x00000000a3a00000, 0x00000000e0000000)
  object space 59392K, 16% used [0x00000000a0000000,0x00000000a0960e28,0x00000000a3a00000)
 Metaspace       used 26529K, capacity 27030K, committed 27392K, reserved 1077248K
  class space    used 3584K, capacity 3772K, committed 3840K, reserved 1048576K
GC Heap History (10 events):
Event: 10.687 GC heap before
{Heap before GC invocations=6 (full 1):
 PSYoungGen      total 38400K, used 5113K [0x00000000e0000000, 0x00000000e2a80000, 0x0000000100000000)
  eden space 33280K, 0% used [0x00000000e0000000,0x00000000e0000000,0x00000000e2080000)
  from space 5120K, 99% used [0x00000000e2080000,0x00000000e257e650,0x00000000e2580000)
  to   space 5120K, 0% used [0x00000000e2580000,0x00000000e2580000,0x00000000e2a80000)
 ParOldGen       total 87552K, used 7049K [0x00000000a0000000, 0x00000000a5580000, 0x00000000e0000000)
  object space 87552K, 8% used [0x00000000a0000000,0x00000000a06e2778,0x00000000a5580000)
 Metaspace       used 17877K, capacity 18268K, committed 18432K, reserved 1069056K
  class space    used 2575K, capacity 2722K, committed 2816K, reserved 1048576K
Event: 10.764 GC heap after
Heap after GC invocations=6 (full 1):
 PSYoungGen      total 38400K, used 0K [0x00000000e0000000, 0x00000000e2a80000, 0x0000000100000000)
  eden space 33280K, 0% used [0x00000000e0000000,0x00000000e0000000,0x00000000e2080000)
  from space 5120K, 0% used [0x00000000e2080000,0x00000000e2080000,0x00000000e2580000)
  to   space 5120K, 0% used [0x00000000e2580000,0x00000000e2580000,0x00000000e2a80000)
 ParOldGen       total 59392K, used 7128K [0x00000000a0000000, 0x00000000a3a00000, 0x00000000e0000000)
  object space 59392K, 12% used [0x00000000a0000000,0x00000000a06f61e0,0x00000000a3a00000)
 Metaspace       used 17877K, capacity 18268K, committed 18432K, reserved 1067008K
  class space    used 2575K, capacity 2722K, committed 2816K, reserved 1048576K
}
Event: 11.797 GC heap before
{Heap before GC invocations=7 (full 1):
 PSYoungGen      total 38400K, used 20832K [0x00000000e0000000, 0x00000000e2a80000, 0x0000000100000000)
  eden space 33280K, 62% used [0x00000000e0000000,0x00000000e1458218,0x00000000e2080000)
  from space 5120K, 0% used [0x00000000e2080000,0x00000000e2080000,0x00000000e2580000)
  to   space 5120K, 0% used [0x00000000e2580000,0x00000000e2580000,0x00000000e2a80000)
 ParOldGen       total 59392K, used 7128K [0x00000000a0000000, 0x00000000a3a00000, 0x00000000e0000000)
  object space 59392K, 12% used [0x00000000a0000000,0x00000000a06f61e0,0x00000000a3a00000)
 Metaspace       used 20402K, capacity 20938K, committed 21120K, reserved 1073152K
  class space    used 2880K, capacity 3091K, committed 3200K, reserved 1048576K
Event: 11.801 GC heap after
Heap after GC invocations=7 (full 1):
 PSYoungGen      total 38400K, used 3202K [0x00000000e0000000, 0x00000000e2a80000, 0x0000000100000000)
  eden space 33280K, 0% used [0x00000000e0000000,0x00000000e0000000,0x00000000e2080000)
  from space 5120K, 62% used [0x00000000e2580000,0x00000000e28a0880,0x00000000e2a80000)
  to   space 5120K, 0% used [0x00000000e2080000,0x00000000e2080000,0x00000000e2580000)
 ParOldGen       total 59392K, used 7136K [0x00000000a0000000, 0x00000000a3a00000, 0x00000000e0000000)
  object space 59392K, 12% used [0x00000000a0000000,0x00000000a06f81e0,0x00000000a3a00000)
 Metaspace       used 20402K, capacity 20938K, committed 21120K, reserved 1073152K
  class space    used 2880K, capacity 3091K, committed 3200K, reserved 1048576K
}
Event: 11.801 GC heap before
{Heap before GC invocations=8 (full 2):
 PSYoungGen      total 38400K, used 3202K [0x00000000e0000000, 0x00000000e2a80000, 0x0000000100000000)
  eden space 33280K, 0% used [0x00000000e0000000,0x00000000e0000000,0x00000000e2080000)
  from space 5120K, 62% used [0x00000000e2580000,0x00000000e28a0880,0x00000000e2a80000)
  to   space 5120K, 0% used [0x00000000e2080000,0x00000000e2080000,0x00000000e2580000)
 ParOldGen       total 59392K, used 7136K [0x00000000a0000000, 0x00000000a3a00000, 0x00000000e0000000)
  object space 59392K, 12% used [0x00000000a0000000,0x00000000a06f81e0,0x00000000a3a00000)
 Metaspace       used 20402K, capacity 20938K, committed 21120K, reserved 1073152K
  class space    used 2880K, capacity 3091K, committed 3200K, reserved 1048576K
Event: 11.863 GC heap after
Heap after GC invocations=8 (full 2):
 PSYoungGen      total 38400K, used 0K [0x00000000e0000000, 0x00000000e2a80000, 0x0000000100000000)
  eden space 33280K, 0% used [0x00000000e0000000,0x00000000e0000000,0x00000000e2080000)
  from space 5120K, 0% used [0x00000000e2580000,0x00000000e2580000,0x00000000e2a80000)
  to   space 5120K, 0% used [0x00000000e2080000,0x00000000e2080000,0x00000000e2580000)
 ParOldGen       total 59392K, used 8865K [0x00000000a0000000, 0x00000000a3a00000, 0x00000000e0000000)
  object space 59392K, 14% used [0x00000000a0000000,0x00000000a08a86c8,0x00000000a3a00000)
 Metaspace       used 20402K, capacity 20938K, committed 21120K, reserved 1071104K
  class space    used 2880K, capacity 3091K, committed 3200K, reserved 1048576K
}
Event: 12.260 GC heap before
{Heap before GC invocations=9 (full 2):
 PSYoungGen      total 38400K, used 12564K [0x00000000e0000000, 0x00000000e2a80000, 0x0000000100000000)
  eden space 33280K, 37% used [0x00000000e0000000,0x00000000e0c452e0,0x00000000e2080000)
  from space 5120K, 0% used [0x00000000e2580000,0x00000000e2580000,0x00000000e2a80000)
  to   space 5120K, 0% used [0x00000000e2080000,0x00000000e2080000,0x00000000e2580000)
 ParOldGen       total 59392K, used 8865K [0x00000000a0000000, 0x00000000a3a00000, 0x00000000e0000000)
  object space 59392K, 14% used [0x00000000a0000000,0x00000000a08a86c8,0x00000000a3a00000)
 Metaspace       used 23356K, capacity 23818K, committed 23936K, reserved 1077248K
  class space    used 3239K, capacity 3411K, committed 3456K, reserved 1048576K
Event: 12.263 GC heap after
Heap after GC invocations=9 (full 2):
 PSYoungGen      total 38400K, used 2496K [0x00000000e0000000, 0x00000000e2a80000, 0x0000000100000000)
  eden space 33280K, 0% used [0x00000000e0000000,0x00000000e0000000,0x00000000e2080000)
  from space 5120K, 48% used [0x00000000e2080000,0x00000000e22f00b8,0x00000000e2580000)
  to   space 5120K, 0% used [0x00000000e2580000,0x00000000e2580000,0x00000000e2a80000)
 ParOldGen       total 59392K, used 8865K [0x00000000a0000000, 0x00000000a3a00000, 0x00000000e0000000)
  object space 59392K, 14% used [0x00000000a0000000,0x00000000a08a86c8,0x00000000a3a00000)
 Metaspace       used 23356K, capacity 23818K, committed 23936K, reserved 1077248K
  class space    used 3239K, capacity 3411K, committed 3456K, reserved 1048576K
}
Event: 12.263 GC heap before
{Heap before GC invocations=10 (full 3):
 PSYoungGen      total 38400K, used 2496K [0x00000000e0000000, 0x00000000e2a80000, 0x0000000100000000)
  eden space 33280K, 0% used [0x00000000e0000000,0x00000000e0000000,0x00000000e2080000)
  from space 5120K, 48% used [0x00000000e2080000,0x00000000e22f00b8,0x00000000e2580000)
  to   space 5120K, 0% used [0x00000000e2580000,0x00000000e2580000,0x00000000e2a80000)
 ParOldGen       total 59392K, used 8865K [0x00000000a0000000, 0x00000000a3a00000, 0x00000000e0000000)
  object space 59392K, 14% used [0x00000000a0000000,0x00000000a08a86c8,0x00000000a3a00000)
 Metaspace       used 23356K, capacity 23818K, committed 23936K, reserved 1077248K
  class space    used 3239K, capacity 3411K, committed 3456K, reserved 1048576K
Event: 12.335 GC heap after
Heap after GC invocations=10 (full 3):
 PSYoungGen      total 38400K, used 0K [0x00000000e0000000, 0x00000000e2a80000, 0x0000000100000000)
  eden space 33280K, 0% used [0x00000000e0000000,0x00000000e0000000,0x00000000e2080000)
  from space 5120K, 0% used [0x00000000e2080000,0x00000000e2080000,0x00000000e2580000)
  to   space 5120K, 0% used [0x00000000e2580000,0x00000000e2580000,0x00000000e2a80000)
 ParOldGen       total 59392K, used 9603K [0x00000000a0000000, 0x00000000a3a00000, 0x00000000e0000000)
  object space 59392K, 16% used [0x00000000a0000000,0x00000000a0960e28,0x00000000a3a00000)
 Metaspace       used 23356K, capacity 23818K, committed 23936K, reserved 1075200K
  class space    used 3239K, capacity 3411K, committed 3456K, reserved 1048576K
}

