# JRE version: OpenJDK Runtime Environment (8.0_152-b01) (build 1.8.0_152-release-1343-b01)
# Java VM: OpenJDK 64-Bit Server VM (25.152-b01 mixed mode windows-amd64 compressed oops)
Heap:
 PSYoungGen      total 311808K, used 273937K [0x00000000e0000000, 0x00000000f6200000, 0x0000000100000000)
  eden space 275456K, 95% used [0x00000000e0000000,0x00000000effa02b8,0x00000000f0d00000)
  from space 36352K, 33% used [0x00000000f3e80000,0x00000000f4a64150,0x00000000f6200000)
  to   space 43520K, 0% used [0x00000000f0d00000,0x00000000f0d00000,0x00000000f3780000)
 ParOldGen       total 188928K, used 79940K [0x00000000a0000000, 0x00000000ab880000, 0x00000000e0000000)
  object space 188928K, 42% used [0x00000000a0000000,0x00000000a4e111e0,0x00000000ab880000)
 Metaspace       used 94797K, capacity 98650K, committed 98944K, reserved 1134592K
  class space    used 12096K, capacity 12864K, committed 12928K, reserved 1048576K
GC Heap History (10 events):
Event: 156.274 GC heap before
{Heap before GC invocations=20 (full 3):
 PSYoungGen      total 233984K, used 232397K [0x00000000e0000000, 0x00000000efa80000, 0x0000000100000000)
  eden space 224768K, 100% used [0x00000000e0000000,0x00000000edb80000,0x00000000edb80000)
  from space 9216K, 82% used [0x00000000ef180000,0x00000000ef8f3668,0x00000000efa80000)
  to   space 15872K, 0% used [0x00000000edb80000,0x00000000edb80000,0x00000000eeb00000)
 ParOldGen       total 97792K, used 44998K [0x00000000a0000000, 0x00000000a5f80000, 0x00000000e0000000)
  object space 97792K, 46% used [0x00000000a0000000,0x00000000a2bf1ac0,0x00000000a5f80000)
 Metaspace       used 75037K, capacity 77354K, committed 77696K, reserved 1116160K
  class space    used 10022K, capacity 10535K, committed 10624K, reserved 1048576K
Event: 156.338 GC heap after
Heap after GC invocations=20 (full 3):
 PSYoungGen      total 240640K, used 15841K [0x00000000e0000000, 0x00000000f3300000, 0x0000000100000000)
  eden space 224768K, 0% used [0x00000000e0000000,0x00000000e0000000,0x00000000edb80000)
  from space 15872K, 99% used [0x00000000edb80000,0x00000000eeaf8530,0x00000000eeb00000)
  to   space 26624K, 0% used [0x00000000f1900000,0x00000000f1900000,0x00000000f3300000)
 ParOldGen       total 97792K, used 68705K [0x00000000a0000000, 0x00000000a5f80000, 0x00000000e0000000)
  object space 97792K, 70% used [0x00000000a0000000,0x00000000a4318720,0x00000000a5f80000)
 Metaspace       used 75037K, capacity 77354K, committed 77696K, reserved 1116160K
  class space    used 10022K, capacity 10535K, committed 10624K, reserved 1048576K
}
Event: 164.023 GC heap before
{Heap before GC invocations=21 (full 3):
 PSYoungGen      total 240640K, used 238162K [0x00000000e0000000, 0x00000000f3300000, 0x0000000100000000)
  eden space 224768K, 98% used [0x00000000e0000000,0x00000000ed91c488,0x00000000edb80000)
  from space 15872K, 99% used [0x00000000edb80000,0x00000000eeaf8530,0x00000000eeb00000)
  to   space 26624K, 0% used [0x00000000f1900000,0x00000000f1900000,0x00000000f3300000)
 ParOldGen       total 97792K, used 68705K [0x00000000a0000000, 0x00000000a5f80000, 0x00000000e0000000)
  object space 97792K, 70% used [0x00000000a0000000,0x00000000a4318720,0x00000000a5f80000)
 Metaspace       used 78014K, capacity 80410K, committed 80512K, reserved 1118208K
  class space    used 10275K, capacity 10804K, committed 10880K, reserved 1048576K
Event: 164.354 GC heap after
Heap after GC invocations=21 (full 3):
 PSYoungGen      total 266240K, used 26606K [0x00000000e0000000, 0x00000000f6080000, 0x0000000100000000)
  eden space 239616K, 0% used [0x00000000e0000000,0x00000000e0000000,0x00000000eea00000)
  from space 26624K, 99% used [0x00000000f1900000,0x00000000f32fb850,0x00000000f3300000)
  to   space 48128K, 0% used [0x00000000eea00000,0x00000000eea00000,0x00000000f1900000)
 ParOldGen       total 116224K, used 116073K [0x00000000a0000000, 0x00000000a7180000, 0x00000000e0000000)
  object space 116224K, 99% used [0x00000000a0000000,0x00000000a715a440,0x00000000a7180000)
 Metaspace       used 78014K, capacity 80410K, committed 80512K, reserved 1118208K
  class space    used 10275K, capacity 10804K, committed 10880K, reserved 1048576K
}
Event: 164.354 GC heap before
{Heap before GC invocations=22 (full 4):
 PSYoungGen      total 266240K, used 26606K [0x00000000e0000000, 0x00000000f6080000, 0x0000000100000000)
  eden space 239616K, 0% used [0x00000000e0000000,0x00000000e0000000,0x00000000eea00000)
  from space 26624K, 99% used [0x00000000f1900000,0x00000000f32fb850,0x00000000f3300000)
  to   space 48128K, 0% used [0x00000000eea00000,0x00000000eea00000,0x00000000f1900000)
 ParOldGen       total 116224K, used 116073K [0x00000000a0000000, 0x00000000a7180000, 0x00000000e0000000)
  object space 116224K, 99% used [0x00000000a0000000,0x00000000a715a440,0x00000000a7180000)
 Metaspace       used 78014K, capacity 80410K, committed 80512K, reserved 1118208K
  class space    used 10275K, capacity 10804K, committed 10880K, reserved 1048576K
Event: 165.556 GC heap after
Heap after GC invocations=22 (full 4):
 PSYoungGen      total 266240K, used 0K [0x00000000e0000000, 0x00000000f6080000, 0x0000000100000000)
  eden space 239616K, 0% used [0x00000000e0000000,0x00000000e0000000,0x00000000eea00000)
  from space 26624K, 0% used [0x00000000f1900000,0x00000000f1900000,0x00000000f3300000)
  to   space 48128K, 0% used [0x00000000eea00000,0x00000000eea00000,0x00000000f1900000)
 ParOldGen       total 188928K, used 79924K [0x00000000a0000000, 0x00000000ab880000, 0x00000000e0000000)
  object space 188928K, 42% used [0x00000000a0000000,0x00000000a4e0d1e0,0x00000000ab880000)
 Metaspace       used 77737K, capacity 80056K, committed 80512K, reserved 1118208K
  class space    used 10247K, capacity 10755K, committed 10880K, reserved 1048576K
}
Event: 175.016 GC heap before
{Heap before GC invocations=23 (full 4):
 PSYoungGen      total 266240K, used 239535K [0x00000000e0000000, 0x00000000f6080000, 0x0000000100000000)
  eden space 239616K, 99% used [0x00000000e0000000,0x00000000ee9ebd60,0x00000000eea00000)
  from space 26624K, 0% used [0x00000000f1900000,0x00000000f1900000,0x00000000f3300000)
  to   space 48128K, 0% used [0x00000000eea00000,0x00000000eea00000,0x00000000f1900000)
 ParOldGen       total 188928K, used 79924K [0x00000000a0000000, 0x00000000ab880000, 0x00000000e0000000)
  object space 188928K, 42% used [0x00000000a0000000,0x00000000a4e0d1e0,0x00000000ab880000)
 Metaspace       used 88312K, capacity 91664K, committed 91904K, reserved 1128448K
  class space    used 11562K, capacity 12234K, committed 12288K, reserved 1048576K
Event: 175.058 GC heap after
Heap after GC invocations=23 (full 4):
 PSYoungGen      total 287744K, used 17355K [0x00000000e0000000, 0x00000000f6a80000, 0x0000000100000000)
  eden space 239616K, 0% used [0x00000000e0000000,0x00000000e0000000,0x00000000eea00000)
  from space 48128K, 36% used [0x00000000eea00000,0x00000000efaf2f80,0x00000000f1900000)
  to   space 45056K, 0% used [0x00000000f3e80000,0x00000000f3e80000,0x00000000f6a80000)
 ParOldGen       total 188928K, used 79932K [0x00000000a0000000, 0x00000000ab880000, 0x00000000e0000000)
  object space 188928K, 42% used [0x00000000a0000000,0x00000000a4e0f1e0,0x00000000ab880000)
 Metaspace       used 88312K, capacity 91664K, committed 91904K, reserved 1128448K
  class space    used 11562K, capacity 12234K, committed 12288K, reserved 1048576K
}
Event: 268.537 GC heap before
{Heap before GC invocations=24 (full 4):
 PSYoungGen      total 287744K, used 256971K [0x00000000e0000000, 0x00000000f6a80000, 0x0000000100000000)
  eden space 239616K, 100% used [0x00000000e0000000,0x00000000eea00000,0x00000000eea00000)
  from space 48128K, 36% used [0x00000000eea00000,0x00000000efaf2f80,0x00000000f1900000)
  to   space 45056K, 0% used [0x00000000f3e80000,0x00000000f3e80000,0x00000000f6a80000)
 ParOldGen       total 188928K, used 79932K [0x00000000a0000000, 0x00000000ab880000, 0x00000000e0000000)
  object space 188928K, 42% used [0x00000000a0000000,0x00000000a4e0f1e0,0x00000000ab880000)
 Metaspace       used 93767K, capacity 97448K, committed 97536K, reserved 1134592K
  class space    used 12058K, capacity 12794K, committed 12800K, reserved 1048576K
Event: 268.689 GC heap after
Heap after GC invocations=24 (full 4):
 PSYoungGen      total 311808K, used 12176K [0x00000000e0000000, 0x00000000f6200000, 0x0000000100000000)
  eden space 275456K, 0% used [0x00000000e0000000,0x00000000e0000000,0x00000000f0d00000)
  from space 36352K, 33% used [0x00000000f3e80000,0x00000000f4a64150,0x00000000f6200000)
  to   space 43520K, 0% used [0x00000000f0d00000,0x00000000f0d00000,0x00000000f3780000)
 ParOldGen       total 188928K, used 79940K [0x00000000a0000000, 0x00000000ab880000, 0x00000000e0000000)
  object space 188928K, 42% used [0x00000000a0000000,0x00000000a4e111e0,0x00000000ab880000)
 Metaspace       used 93767K, capacity 97448K, committed 97536K, reserved 1134592K
  class space    used 12058K, capacity 12794K, committed 12800K, reserved 1048576K
}

